This file contains any messages produced by compilers while
running configure, to aid debugging if configure makes a mistake.

It was created by configure, which was
generated by GNU Autoconf 2.67.  Invocation command line was

  $ ./configure 

## --------- ##
## Platform. ##
## --------- ##

hostname = raspberrypi
uname -m = armv6l
uname -r = 3.2.27+
uname -s = Linux
uname -v = #250 PREEMPT Thu Oct 18 19:03:02 BST 2012

/usr/bin/uname -p = unknown
/bin/uname -X     = unknown

/bin/arch              = unknown
/usr/bin/arch -k       = unknown
/usr/convex/getsysinfo = unknown
/usr/bin/hostinfo      = unknown
/bin/machine           = unknown
/usr/bin/oslevel       = unknown
/bin/universe          = unknown

PATH: /usr/local/sbin
PATH: /usr/local/bin
PATH: /usr/sbin
PATH: /usr/bin
PATH: /sbin
PATH: /bin
PATH: /usr/local/games
PATH: /usr/games


## ----------- ##
## Core tests. ##
## ----------- ##

configure:2181: checking for a BSD-compatible install
configure:2249: result: /usr/bin/install -c
configure:2260: checking whether build environment is sane
configure:2310: result: yes
configure:2451: checking for a thread-safe mkdir -p
configure:2490: result: /bin/mkdir -p
configure:2503: checking for gawk
configure:2533: result: no
configure:2503: checking for mawk
configure:2519: found /usr/bin/mawk
configure:2530: result: mawk
configure:2541: checking whether make sets $(MAKE)
configure:2563: result: yes
configure:2649: checking for gawk
configure:2676: result: mawk
configure:2735: checking for gcc
configure:2751: found /usr/bin/gcc
configure:2762: result: gcc
configure:2991: checking for C compiler version
configure:3000: gcc --version >&5
gcc (Debian 4.6.3-14+rpi1) 4.6.3
Copyright (C) 2011 Free Software Foundation, Inc.
This is free software; see the source for copying conditions.  There is NO
warranty; not even for MERCHANTABILITY or FITNESS FOR A PARTICULAR PURPOSE.

configure:3011: $? = 0
configure:3000: gcc -v >&5
Using built-in specs.
COLLECT_GCC=gcc
COLLECT_LTO_WRAPPER=/usr/lib/gcc/arm-linux-gnueabihf/4.6/lto-wrapper
Target: arm-linux-gnueabihf
Configured with: ../src/configure -v --with-pkgversion='Debian 4.6.3-14+rpi1' --with-bugurl=file:///usr/share/doc/gcc-4.6/README.Bugs --enable-languages=c,c++,fortran,objc,obj-c++ --prefix=/usr --program-suffix=-4.6 --enable-shared --enable-linker-build-id --with-system-zlib --libexecdir=/usr/lib --without-included-gettext --enable-threads=posix --with-gxx-include-dir=/usr/include/c++/4.6 --libdir=/usr/lib --enable-nls --with-sysroot=/ --enable-clocale=gnu --enable-libstdcxx-debug --enable-libstdcxx-time=yes --enable-gnu-unique-object --enable-plugin --enable-objc-gc --disable-sjlj-exceptions --with-arch=armv6 --with-fpu=vfp --with-float=hard --enable-checking=release --build=arm-linux-gnueabihf --host=arm-linux-gnueabihf --target=arm-linux-gnueabihf
Thread model: posix
gcc version 4.6.3 (Debian 4.6.3-14+rpi1) 
configure:3011: $? = 0
configure:3000: gcc -V >&5
gcc: error: unrecognized option '-V'
gcc: fatal error: no input files
compilation terminated.
configure:3011: $? = 4
configure:3000: gcc -qversion >&5
gcc: error: unrecognized option '-qversion'
gcc: fatal error: no input files
compilation terminated.
configure:3011: $? = 4
configure:3031: checking whether the C compiler works
configure:3053: gcc    conftest.c  >&5
configure:3057: $? = 0
configure:3105: result: yes
configure:3108: checking for C compiler default output file name
configure:3110: result: a.out
configure:3116: checking for suffix of executables
configure:3123: gcc -o conftest    conftest.c  >&5
configure:3127: $? = 0
configure:3149: result: 
configure:3171: checking whether we are cross compiling
configure:3179: gcc -o conftest    conftest.c  >&5
configure:3183: $? = 0
configure:3190: ./conftest
configure:3194: $? = 0
configure:3209: result: no
configure:3214: checking for suffix of object files
configure:3236: gcc -c   conftest.c >&5
configure:3240: $? = 0
configure:3261: result: o
configure:3265: checking whether we are using the GNU C compiler
configure:3284: gcc -c   conftest.c >&5
configure:3284: $? = 0
configure:3293: result: yes
configure:3302: checking whether gcc accepts -g
configure:3322: gcc -c -g  conftest.c >&5
configure:3322: $? = 0
configure:3363: result: yes
configure:3380: checking for gcc option to accept ISO C89
configure:3444: gcc  -c -g -O2  conftest.c >&5
configure:3444: $? = 0
configure:3457: result: none needed
configure:3488: checking for style of include used by make
configure:3516: result: GNU
configure:3541: checking dependency style of gcc
configure:3651: result: gcc3
configure:3667: checking whether ln -s works
configure:3671: result: yes
configure:3681: checking for mad_decoder_run in -lmad
configure:3706: gcc -o conftest -g -O2   conftest.c -lmad   >&5
/usr/bin/ld: cannot find -lmad
collect2: ld returned 1 exit status
configure:3706: $? = 1
configure: failed program was:
| /* confdefs.h */
| #define PACKAGE_NAME ""
| #define PACKAGE_TARNAME ""
| #define PACKAGE_VERSION ""
| #define PACKAGE_STRING ""
| #define PACKAGE_BUGREPORT ""
| #define PACKAGE_URL ""
| #define PACKAGE "mpg321"
| #define VERSION "0.3.2"
| /* end confdefs.h.  */
| 
| /* Override any GCC internal prototype to avoid an error.
|    Use char because int might match the return type of a GCC
|    builtin and then its argument prototype would still apply.  */
| #ifdef __cplusplus
| extern "C"
| #endif
| char mad_decoder_run ();
| int
| main ()
| {
| return mad_decoder_run ();
|   ;
|   return 0;
| }
configure:3715: result: no
configure:3725: error: libmad is required to compile mpg321. See http://www.mars.org/home/rob/proj/mpeg/

## ---------------- ##
## Cache variables. ##
## ---------------- ##

ac_cv_c_compiler_gnu=yes
ac_cv_env_CC_set=
ac_cv_env_CC_value=
ac_cv_env_CFLAGS_set=
ac_cv_env_CFLAGS_value=
ac_cv_env_CPPFLAGS_set=
ac_cv_env_CPPFLAGS_value=
ac_cv_env_CPP_set=
ac_cv_env_CPP_value=
ac_cv_env_LDFLAGS_set=
ac_cv_env_LDFLAGS_value=
ac_cv_env_LIBS_set=
ac_cv_env_LIBS_value=
ac_cv_env_build_alias_set=
ac_cv_env_build_alias_value=
ac_cv_env_host_alias_set=
ac_cv_env_host_alias_value=
ac_cv_env_target_alias_set=
ac_cv_env_target_alias_value=
ac_cv_lib_mad_mad_decoder_run=no
ac_cv_objext=o
ac_cv_path_install='/usr/bin/install -c'
ac_cv_path_mkdir=/bin/mkdir
ac_cv_prog_AWK=mawk
ac_cv_prog_ac_ct_CC=gcc
ac_cv_prog_cc_c89=
ac_cv_prog_cc_g=yes
ac_cv_prog_make_make_set=yes
am_cv_CC_dependencies_compiler_type=gcc3

## ----------------- ##
## Output variables. ##
## ----------------- ##

ACLOCAL='${SHELL} /home/pi/red-siren/mpg321/mpg321-0.3.2-orig/missing --run aclocal-1.11'
AMDEPBACKSLASH='\'
AMDEP_FALSE='#'
AMDEP_TRUE=''
AMTAR='${SHELL} /home/pi/red-siren/mpg321/mpg321-0.3.2-orig/missing --run tar'
AO_CFLAGS=''
AO_LIBS=''
AUTOCONF='${SHELL} /home/pi/red-siren/mpg321/mpg321-0.3.2-orig/missing --run autoconf'
AUTOHEADER='${SHELL} /home/pi/red-siren/mpg321/mpg321-0.3.2-orig/missing --run autoheader'
AUTOMAKE='${SHELL} /home/pi/red-siren/mpg321/mpg321-0.3.2-orig/missing --run automake-1.11'
AWK='mawk'
CC='gcc'
CCDEPMODE='depmode=gcc3'
CFLAGS='-g -O2'
CPP=''
CPPFLAGS=''
CYGPATH_W='echo'
DEFS=''
DEPDIR='.deps'
DO_SYMLINK_FALSE=''
DO_SYMLINK_TRUE=''
ECHO_C=''
ECHO_N='-n'
ECHO_T=''
EGREP=''
EXEEXT=''
GREP=''
INSTALL_DATA='${INSTALL} -m 644'
INSTALL_PROGRAM='${INSTALL}'
INSTALL_SCRIPT='${INSTALL}'
INSTALL_STRIP_PROGRAM='$(install_sh) -c -s'
LDFLAGS=''
LIBOBJS=''
LIBS=''
LN_S='ln -s'
LTLIBOBJS=''
MAKEINFO='${SHELL} /home/pi/red-siren/mpg321/mpg321-0.3.2-orig/missing --run makeinfo'
MKDIR_P='/bin/mkdir -p'
OBJEXT='o'
PACKAGE='mpg321'
PACKAGE_BUGREPORT=''
PACKAGE_NAME=''
PACKAGE_STRING=''
PACKAGE_TARNAME=''
PACKAGE_URL=''
PACKAGE_VERSION=''
PATH_SEPARATOR=':'
SET_MAKE=''
SHELL='/bin/bash'
STRIP=''
VERSION='0.3.2'
ac_ct_CC='gcc'
am__EXEEXT_FALSE=''
am__EXEEXT_TRUE=''
am__fastdepCC_FALSE='#'
am__fastdepCC_TRUE=''
am__include='include'
am__isrc=''
am__leading_dot='.'
am__quote=''
am__tar='${AMTAR} chof - "$$tardir"'
am__untar='${AMTAR} xf -'
bindir='${exec_prefix}/bin'
build_alias=''
datadir='${datarootdir}'
datarootdir='${prefix}/share'
docdir='${datarootdir}/doc/${PACKAGE}'
dvidir='${docdir}'
exec_prefix='NONE'
host_alias=''
htmldir='${docdir}'
includedir='${prefix}/include'
infodir='${datarootdir}/info'
install_sh='${SHELL} /home/pi/red-siren/mpg321/mpg321-0.3.2-orig/install-sh'
libdir='${exec_prefix}/lib'
libexecdir='${exec_prefix}/libexec'
localedir='${datarootdir}/locale'
localstatedir='${prefix}/var'
mandir='${datarootdir}/man'
mkdir_p='/bin/mkdir -p'
oldincludedir='/usr/include'
pdfdir='${docdir}'
prefix='NONE'
program_transform_name='s,x,x,'
psdir='${docdir}'
sbindir='${exec_prefix}/sbin'
sharedstatedir='${prefix}/com'
sysconfdir='${prefix}/etc'
target_alias=''

## ----------- ##
## confdefs.h. ##
## ----------- ##

/* confdefs.h */
#define PACKAGE_NAME ""
#define PACKAGE_TARNAME ""
#define PACKAGE_VERSION ""
#define PACKAGE_STRING ""
#define PACKAGE_BUGREPORT ""
#define PACKAGE_URL ""
#define PACKAGE "mpg321"
#define VERSION "0.3.2"

configure: exit 1
